# JRE version: Java(TM) SE Runtime Environment (8.0_231-b11) (build 1.8.0_231-b11)
# Java VM: Java HotSpot(TM) 64-Bit Server VM (25.231-b11 mixed mode windows-amd64 compressed oops)
Heap:
 PSYoungGen      total 210944K, used 15142K [0x000000076bb80000, 0x000000077a000000, 0x00000007c0000000)
  eden space 187904K, 8% used [0x000000076bb80000,0x000000076ca49860,0x0000000777300000)
  from space 23040K, 0% used [0x0000000777300000,0x0000000777300000,0x0000000778980000)
  to   space 19968K, 0% used [0x0000000778c80000,0x0000000778c80000,0x000000077a000000)
 ParOldGen       total 134656K, used 43441K [0x00000006c3200000, 0x00000006cb580000, 0x000000076bb80000)
  object space 134656K, 32% used [0x00000006c3200000,0x00000006c5c6c440,0x00000006cb580000)
 Metaspace       used 34564K, capacity 35664K, committed 35928K, reserved 1081344K
  class space    used 4037K, capacity 4320K, committed 4352K, reserved 1048576K
GC Heap History (10 events):
Event: 7.592 GC heap before
{Heap before GC invocations=9 (full 1):
 PSYoungGen      total 88576K, used 70020K [0x000000076bb80000, 0x0000000776500000, 0x00000007c0000000)
  eden space 65024K, 100% used [0x000000076bb80000,0x000000076fb00000,0x000000076fb00000)
  from space 23552K, 21% used [0x000000076fb00000,0x000000076ffe1188,0x0000000771200000)
  to   space 24064K, 0% used [0x0000000774d80000,0x0000000774d80000,0x0000000776500000)
 ParOldGen       total 101376K, used 21791K [0x00000006c3200000, 0x00000006c9500000, 0x000000076bb80000)
  object space 101376K, 21% used [0x00000006c3200000,0x00000006c4747d78,0x00000006c9500000)
 Metaspace       used 24229K, capacity 24530K, committed 24832K, reserved 1071104K
  class space    used 2655K, capacity 2753K, committed 2816K, reserved 1048576K
Event: 7.596 GC heap after
Heap after GC invocations=9 (full 1):
 PSYoungGen      total 146432K, used 8240K [0x000000076bb80000, 0x0000000776300000, 0x00000007c0000000)
  eden space 124416K, 0% used [0x000000076bb80000,0x000000076bb80000,0x0000000773500000)
  from space 22016K, 37% used [0x0000000774d80000,0x000000077558c3a0,0x0000000776300000)
  to   space 23552K, 0% used [0x0000000773500000,0x0000000773500000,0x0000000774c00000)
 ParOldGen       total 101376K, used 21799K [0x00000006c3200000, 0x00000006c9500000, 0x000000076bb80000)
  object space 101376K, 21% used [0x00000006c3200000,0x00000006c4749d78,0x00000006c9500000)
 Metaspace       used 24229K, capacity 24530K, committed 24832K, reserved 1071104K
  class space    used 2655K, capacity 2753K, committed 2816K, reserved 1048576K
}
Event: 13.133 GC heap before
{Heap before GC invocations=10 (full 1):
 PSYoungGen      total 146432K, used 132656K [0x000000076bb80000, 0x0000000776300000, 0x00000007c0000000)
  eden space 124416K, 100% used [0x000000076bb80000,0x0000000773500000,0x0000000773500000)
  from space 22016K, 37% used [0x0000000774d80000,0x000000077558c3a0,0x0000000776300000)
  to   space 23552K, 0% used [0x0000000773500000,0x0000000773500000,0x0000000774c00000)
 ParOldGen       total 101376K, used 21799K [0x00000006c3200000, 0x00000006c9500000, 0x000000076bb80000)
  object space 101376K, 21% used [0x00000006c3200000,0x00000006c4749d78,0x00000006c9500000)
 Metaspace       used 28536K, capacity 29312K, committed 29568K, reserved 1075200K
  class space    used 3248K, capacity 3444K, committed 3456K, reserved 1048576K
Event: 13.141 GC heap after
Heap after GC invocations=10 (full 1):
 PSYoungGen      total 147968K, used 14925K [0x000000076bb80000, 0x000000077a380000, 0x00000007c0000000)
  eden space 124416K, 0% used [0x000000076bb80000,0x000000076bb80000,0x0000000773500000)
  from space 23552K, 63% used [0x0000000773500000,0x00000007743934c8,0x0000000774c00000)
  to   space 23552K, 0% used [0x0000000778c80000,0x0000000778c80000,0x000000077a380000)
 ParOldGen       total 101376K, used 21807K [0x00000006c3200000, 0x00000006c9500000, 0x000000076bb80000)
  object space 101376K, 21% used [0x00000006c3200000,0x00000006c474bd78,0x00000006c9500000)
 Metaspace       used 28536K, capacity 29312K, committed 29568K, reserved 1075200K
  class space    used 3248K, capacity 3444K, committed 3456K, reserved 1048576K
}
Event: 61.945 GC heap before
{Heap before GC invocations=11 (full 1):
 PSYoungGen      total 147968K, used 139341K [0x000000076bb80000, 0x000000077a380000, 0x00000007c0000000)
  eden space 124416K, 100% used [0x000000076bb80000,0x0000000773500000,0x0000000773500000)
  from space 23552K, 63% used [0x0000000773500000,0x00000007743934c8,0x0000000774c00000)
  to   space 23552K, 0% used [0x0000000778c80000,0x0000000778c80000,0x000000077a380000)
 ParOldGen       total 101376K, used 21807K [0x00000006c3200000, 0x00000006c9500000, 0x000000076bb80000)
  object space 101376K, 21% used [0x00000006c3200000,0x00000006c474bd78,0x00000006c9500000)
 Metaspace       used 31207K, capacity 32212K, committed 32512K, reserved 1077248K
  class space    used 3564K, capacity 3794K, committed 3840K, reserved 1048576K
Event: 61.951 GC heap after
Heap after GC invocations=11 (full 1):
 PSYoungGen      total 207872K, used 9754K [0x000000076bb80000, 0x000000077a000000, 0x00000007c0000000)
  eden space 187904K, 0% used [0x000000076bb80000,0x000000076bb80000,0x0000000777300000)
  from space 19968K, 48% used [0x0000000778c80000,0x00000007796068b0,0x000000077a000000)
  to   space 23040K, 0% used [0x0000000777300000,0x0000000777300000,0x0000000778980000)
 ParOldGen       total 101376K, used 28079K [0x00000006c3200000, 0x00000006c9500000, 0x000000076bb80000)
  object space 101376K, 27% used [0x00000006c3200000,0x00000006c4d6bcc0,0x00000006c9500000)
 Metaspace       used 31207K, capacity 32212K, committed 32512K, reserved 1077248K
  class space    used 3564K, capacity 3794K, committed 3840K, reserved 1048576K
}
Event: 62.586 GC heap before
{Heap before GC invocations=12 (full 1):
 PSYoungGen      total 207872K, used 102333K [0x000000076bb80000, 0x000000077a000000, 0x00000007c0000000)
  eden space 187904K, 49% used [0x000000076bb80000,0x00000007715e8be0,0x0000000777300000)
  from space 19968K, 48% used [0x0000000778c80000,0x00000007796068b0,0x000000077a000000)
  to   space 23040K, 0% used [0x0000000777300000,0x0000000777300000,0x0000000778980000)
 ParOldGen       total 101376K, used 28079K [0x00000006c3200000, 0x00000006c9500000, 0x000000076bb80000)
  object space 101376K, 27% used [0x00000006c3200000,0x00000006c4d6bcc0,0x00000006c9500000)
 Metaspace       used 34268K, capacity 35268K, committed 35416K, reserved 1081344K
  class space    used 3999K, capacity 4254K, committed 4352K, reserved 1048576K
Event: 62.594 GC heap after
Heap after GC invocations=12 (full 1):
 PSYoungGen      total 210944K, used 8365K [0x000000076bb80000, 0x000000077a000000, 0x00000007c0000000)
  eden space 187904K, 0% used [0x000000076bb80000,0x000000076bb80000,0x0000000777300000)
  from space 23040K, 36% used [0x0000000777300000,0x0000000777b2b5b8,0x0000000778980000)
  to   space 19968K, 0% used [0x0000000778c80000,0x0000000778c80000,0x000000077a000000)
 ParOldGen       total 101376K, used 36206K [0x00000006c3200000, 0x00000006c9500000, 0x000000076bb80000)
  object space 101376K, 35% used [0x00000006c3200000,0x00000006c555ba90,0x00000006c9500000)
 Metaspace       used 34268K, capacity 35268K, committed 35416K, reserved 1081344K
  class space    used 3999K, capacity 4254K, committed 4352K, reserved 1048576K
}
Event: 62.594 GC heap before
{Heap before GC invocations=13 (full 2):
 PSYoungGen      total 210944K, used 8365K [0x000000076bb80000, 0x000000077a000000, 0x00000007c0000000)
  eden space 187904K, 0% used [0x000000076bb80000,0x000000076bb80000,0x0000000777300000)
  from space 23040K, 36% used [0x0000000777300000,0x0000000777b2b5b8,0x0000000778980000)
  to   space 19968K, 0% used [0x0000000778c80000,0x0000000778c80000,0x000000077a000000)
 ParOldGen       total 101376K, used 36206K [0x00000006c3200000, 0x00000006c9500000, 0x000000076bb80000)
  object space 101376K, 35% used [0x00000006c3200000,0x00000006c555ba90,0x00000006c9500000)
 Metaspace       used 34268K, capacity 35268K, committed 35416K, reserved 1081344K
  class space    used 3999K, capacity 4254K, committed 4352K, reserved 1048576K
Event: 62.773 GC heap after
Heap after GC invocations=13 (full 2):
 PSYoungGen      total 210944K, used 0K [0x000000076bb80000, 0x000000077a000000, 0x00000007c0000000)
  eden space 187904K, 0% used [0x000000076bb80000,0x000000076bb80000,0x0000000777300000)
  from space 23040K, 0% used [0x0000000777300000,0x0000000777300000,0x0000000778980000)
  to   space 19968K, 0% used [0x0000000778c80000,0x0000000778c80000,0x000000077a000000)
 ParOldGen       total 134656K, used 43441K [0x00000006c3200000, 0x00000006cb580000, 0x000000076bb80000)
  object space 134656K, 32% used [0x00000006c3200000,0x00000006c5c6c440,0x00000006cb580000)
 Metaspace       used 34268K, capacity 35268K, committed 35416K, reserved 1081344K
  class space    used 3999K, capacity 4254K, committed 4352K, reserved 1048576K
}

