# JRE version: Java(TM) SE Runtime Environment (8.0_231-b11) (build 1.8.0_231-b11)
# Java VM: Java HotSpot(TM) 64-Bit Server VM (25.231-b11 mixed mode windows-amd64 compressed oops)
Heap:
 PSYoungGen      total 210944K, used 14164K [0x000000076bb80000, 0x000000077fd00000, 0x00000007c0000000)
  eden space 189952K, 6% used [0x000000076bb80000,0x000000076c70e618,0x0000000777500000)
  from space 20992K, 11% used [0x0000000777500000,0x0000000777746a10,0x0000000778980000)
  to   space 21504K, 0% used [0x000000077e800000,0x000000077e800000,0x000000077fd00000)
 ParOldGen       total 97792K, used 35460K [0x00000006c3200000, 0x00000006c9180000, 0x000000076bb80000)
  object space 97792K, 36% used [0x00000006c3200000,0x00000006c54a12b8,0x00000006c9180000)
 Metaspace       used 32006K, capacity 32983K, committed 33024K, reserved 1079296K
  class space    used 3586K, capacity 3821K, committed 3840K, reserved 1048576K
GC Heap History (10 events):
Event: 6.322 GC heap before
{Heap before GC invocations=8 (full 1):
 PSYoungGen      total 86528K, used 64512K [0x000000076bb80000, 0x0000000776080000, 0x00000007c0000000)
  eden space 64512K, 100% used [0x000000076bb80000,0x000000076fa80000,0x000000076fa80000)
  from space 22016K, 0% used [0x0000000770f00000,0x0000000770f00000,0x0000000772480000)
  to   space 20992K, 0% used [0x000000076fa80000,0x000000076fa80000,0x0000000770f00000)
 ParOldGen       total 97792K, used 21789K [0x00000006c3200000, 0x00000006c9180000, 0x000000076bb80000)
  object space 97792K, 22% used [0x00000006c3200000,0x00000006c4747430,0x00000006c9180000)
 Metaspace       used 22528K, capacity 22826K, committed 23040K, reserved 1069056K
  class space    used 2408K, capacity 2503K, committed 2560K, reserved 1048576K
Event: 6.324 GC heap after
Heap after GC invocations=8 (full 1):
 PSYoungGen      total 85504K, used 4812K [0x000000076bb80000, 0x0000000776000000, 0x00000007c0000000)
  eden space 64512K, 0% used [0x000000076bb80000,0x000000076bb80000,0x000000076fa80000)
  from space 20992K, 22% used [0x000000076fa80000,0x000000076ff331e0,0x0000000770f00000)
  to   space 21504K, 0% used [0x0000000774b00000,0x0000000774b00000,0x0000000776000000)
 ParOldGen       total 97792K, used 21797K [0x00000006c3200000, 0x00000006c9180000, 0x000000076bb80000)
  object space 97792K, 22% used [0x00000006c3200000,0x00000006c4749430,0x00000006c9180000)
 Metaspace       used 22528K, capacity 22826K, committed 23040K, reserved 1069056K
  class space    used 2408K, capacity 2503K, committed 2560K, reserved 1048576K
}
Event: 7.014 GC heap before
{Heap before GC invocations=9 (full 1):
 PSYoungGen      total 85504K, used 69324K [0x000000076bb80000, 0x0000000776000000, 0x00000007c0000000)
  eden space 64512K, 100% used [0x000000076bb80000,0x000000076fa80000,0x000000076fa80000)
  from space 20992K, 22% used [0x000000076fa80000,0x000000076ff331e0,0x0000000770f00000)
  to   space 21504K, 0% used [0x0000000774b00000,0x0000000774b00000,0x0000000776000000)
 ParOldGen       total 97792K, used 21797K [0x00000006c3200000, 0x00000006c9180000, 0x000000076bb80000)
  object space 97792K, 22% used [0x00000006c3200000,0x00000006c4749430,0x00000006c9180000)
 Metaspace       used 24187K, capacity 24498K, committed 24832K, reserved 1071104K
  class space    used 2650K, capacity 2721K, committed 2816K, reserved 1048576K
Event: 7.017 GC heap after
Heap after GC invocations=9 (full 1):
 PSYoungGen      total 143872K, used 8294K [0x000000076bb80000, 0x0000000775e00000, 0x00000007c0000000)
  eden space 124416K, 0% used [0x000000076bb80000,0x000000076bb80000,0x0000000773500000)
  from space 19456K, 42% used [0x0000000774b00000,0x0000000775319b68,0x0000000775e00000)
  to   space 20992K, 0% used [0x0000000773500000,0x0000000773500000,0x0000000774980000)
 ParOldGen       total 97792K, used 21805K [0x00000006c3200000, 0x00000006c9180000, 0x000000076bb80000)
  object space 97792K, 22% used [0x00000006c3200000,0x00000006c474b430,0x00000006c9180000)
 Metaspace       used 24187K, capacity 24498K, committed 24832K, reserved 1071104K
  class space    used 2650K, capacity 2721K, committed 2816K, reserved 1048576K
}
Event: 12.540 GC heap before
{Heap before GC invocations=10 (full 1):
 PSYoungGen      total 143872K, used 132710K [0x000000076bb80000, 0x0000000775e00000, 0x00000007c0000000)
  eden space 124416K, 100% used [0x000000076bb80000,0x0000000773500000,0x0000000773500000)
  from space 19456K, 42% used [0x0000000774b00000,0x0000000775319b68,0x0000000775e00000)
  to   space 20992K, 0% used [0x0000000773500000,0x0000000773500000,0x0000000774980000)
 ParOldGen       total 97792K, used 21805K [0x00000006c3200000, 0x00000006c9180000, 0x000000076bb80000)
  object space 97792K, 22% used [0x00000006c3200000,0x00000006c474b430,0x00000006c9180000)
 Metaspace       used 28380K, capacity 29248K, committed 29312K, reserved 1075200K
  class space    used 3243K, capacity 3444K, committed 3456K, reserved 1048576K
Event: 12.547 GC heap after
Heap after GC invocations=10 (full 1):
 PSYoungGen      total 145408K, used 14437K [0x000000076bb80000, 0x000000077a100000, 0x00000007c0000000)
  eden space 124416K, 0% used [0x000000076bb80000,0x000000076bb80000,0x0000000773500000)
  from space 20992K, 68% used [0x0000000773500000,0x0000000774319758,0x0000000774980000)
  to   space 21504K, 0% used [0x0000000778c00000,0x0000000778c00000,0x000000077a100000)
 ParOldGen       total 97792K, used 21813K [0x00000006c3200000, 0x00000006c9180000, 0x000000076bb80000)
  object space 97792K, 22% used [0x00000006c3200000,0x00000006c474d430,0x00000006c9180000)
 Metaspace       used 28380K, capacity 29248K, committed 29312K, reserved 1075200K
  class space    used 3243K, capacity 3444K, committed 3456K, reserved 1048576K
}
Event: 58.500 GC heap before
{Heap before GC invocations=11 (full 1):
 PSYoungGen      total 145408K, used 138109K [0x000000076bb80000, 0x000000077a100000, 0x00000007c0000000)
  eden space 124416K, 99% used [0x000000076bb80000,0x0000000773445d80,0x0000000773500000)
  from space 20992K, 68% used [0x0000000773500000,0x0000000774319758,0x0000000774980000)
  to   space 21504K, 0% used [0x0000000778c00000,0x0000000778c00000,0x000000077a100000)
 ParOldGen       total 97792K, used 21813K [0x00000006c3200000, 0x00000006c9180000, 0x000000076bb80000)
  object space 97792K, 22% used [0x00000006c3200000,0x00000006c474d430,0x00000006c9180000)
 Metaspace       used 30433K, capacity 31280K, committed 31616K, reserved 1077248K
  class space    used 3427K, capacity 3642K, committed 3712K, reserved 1048576K
Event: 58.505 GC heap after
Heap after GC invocations=11 (full 1):
 PSYoungGen      total 208384K, used 8676K [0x000000076bb80000, 0x0000000779e00000, 0x00000007c0000000)
  eden space 189952K, 0% used [0x000000076bb80000,0x000000076bb80000,0x0000000777500000)
  from space 18432K, 47% used [0x0000000778c00000,0x00000007794793d8,0x0000000779e00000)
  to   space 20992K, 0% used [0x0000000777500000,0x0000000777500000,0x0000000778980000)
 ParOldGen       total 97792K, used 28092K [0x00000006c3200000, 0x00000006c9180000, 0x000000076bb80000)
  object space 97792K, 28% used [0x00000006c3200000,0x00000006c4d6f358,0x00000006c9180000)
 Metaspace       used 30433K, capacity 31280K, committed 31616K, reserved 1077248K
  class space    used 3427K, capacity 3642K, committed 3712K, reserved 1048576K
}
Event: 235.749 GC heap before
{Heap before GC invocations=12 (full 1):
 PSYoungGen      total 208384K, used 198628K [0x000000076bb80000, 0x0000000779e00000, 0x00000007c0000000)
  eden space 189952K, 100% used [0x000000076bb80000,0x0000000777500000,0x0000000777500000)
  from space 18432K, 47% used [0x0000000778c00000,0x00000007794793d8,0x0000000779e00000)
  to   space 20992K, 0% used [0x0000000777500000,0x0000000777500000,0x0000000778980000)
 ParOldGen       total 97792K, used 28092K [0x00000006c3200000, 0x00000006c9180000, 0x000000076bb80000)
  object space 97792K, 28% used [0x00000006c3200000,0x00000006c4d6f358,0x00000006c9180000)
 Metaspace       used 31819K, capacity 32803K, committed 33024K, reserved 1079296K
  class space    used 3562K, capacity 3781K, committed 3840K, reserved 1048576K
Event: 235.753 GC heap after
Heap after GC invocations=12 (full 1):
 PSYoungGen      total 210944K, used 2330K [0x000000076bb80000, 0x000000077fd00000, 0x00000007c0000000)
  eden space 189952K, 0% used [0x000000076bb80000,0x000000076bb80000,0x0000000777500000)
  from space 20992K, 11% used [0x0000000777500000,0x0000000777746a10,0x0000000778980000)
  to   space 21504K, 0% used [0x000000077e800000,0x000000077e800000,0x000000077fd00000)
 ParOldGen       total 97792K, used 35460K [0x00000006c3200000, 0x00000006c9180000, 0x000000076bb80000)
  object space 97792K, 36% used [0x00000006c3200000,0x00000006c54a12b8,0x00000006c9180000)
 Metaspace       used 31819K, capacity 32803K, committed 33024K, reserved 1079296K
  class space    used 3562K, capacity 3781K, committed 3840K, reserved 1048576K
}

