# JRE version: Java(TM) SE Runtime Environment (8.0_231-b11) (build 1.8.0_231-b11)
# Java VM: Java HotSpot(TM) 64-Bit Server VM (25.231-b11 mixed mode windows-amd64 compressed oops)
Heap:
 PSYoungGen      total 201728K, used 20995K [0x000000076bb80000, 0x0000000779480000, 0x00000007c0000000)
  eden space 181248K, 11% used [0x000000076bb80000,0x000000076d000c18,0x0000000776c80000)
  from space 20480K, 0% used [0x0000000776c80000,0x0000000776c80000,0x0000000778080000)
  to   space 16896K, 0% used [0x0000000778400000,0x0000000778400000,0x0000000779480000)
 ParOldGen       total 136704K, used 43707K [0x00000006c3200000, 0x00000006cb780000, 0x000000076bb80000)
  object space 136704K, 31% used [0x00000006c3200000,0x00000006c5caefa0,0x00000006cb780000)
 Metaspace       used 34682K, capacity 35798K, committed 35928K, reserved 1081344K
  class space    used 4047K, capacity 4321K, committed 4352K, reserved 1048576K
GC Heap History (10 events):
Event: 7.147 GC heap before
{Heap before GC invocations=9 (full 1):
 PSYoungGen      total 85504K, used 69542K [0x000000076bb80000, 0x0000000775d80000, 0x00000007c0000000)
  eden space 64512K, 100% used [0x000000076bb80000,0x000000076fa80000,0x000000076fa80000)
  from space 20992K, 23% used [0x000000076fa80000,0x000000076ff69af8,0x0000000770f00000)
  to   space 21504K, 0% used [0x0000000774880000,0x0000000774880000,0x0000000775d80000)
 ParOldGen       total 99840K, used 21814K [0x00000006c3200000, 0x00000006c9380000, 0x000000076bb80000)
  object space 99840K, 21% used [0x00000006c3200000,0x00000006c474da38,0x00000006c9380000)
 Metaspace       used 24218K, capacity 24498K, committed 24832K, reserved 1071104K
  class space    used 2653K, capacity 2721K, committed 2816K, reserved 1048576K
Event: 7.151 GC heap after
Heap after GC invocations=9 (full 1):
 PSYoungGen      total 141312K, used 8131K [0x000000076bb80000, 0x0000000775b80000, 0x00000007c0000000)
  eden space 121856K, 0% used [0x000000076bb80000,0x000000076bb80000,0x0000000773280000)
  from space 19456K, 41% used [0x0000000774880000,0x0000000775070e40,0x0000000775b80000)
  to   space 20992K, 0% used [0x0000000773280000,0x0000000773280000,0x0000000774700000)
 ParOldGen       total 99840K, used 21822K [0x00000006c3200000, 0x00000006c9380000, 0x000000076bb80000)
  object space 99840K, 21% used [0x00000006c3200000,0x00000006c474fa38,0x00000006c9380000)
 Metaspace       used 24218K, capacity 24498K, committed 24832K, reserved 1071104K
  class space    used 2653K, capacity 2721K, committed 2816K, reserved 1048576K
}
Event: 13.229 GC heap before
{Heap before GC invocations=10 (full 1):
 PSYoungGen      total 141312K, used 129987K [0x000000076bb80000, 0x0000000775b80000, 0x00000007c0000000)
  eden space 121856K, 100% used [0x000000076bb80000,0x0000000773280000,0x0000000773280000)
  from space 19456K, 41% used [0x0000000774880000,0x0000000775070e40,0x0000000775b80000)
  to   space 20992K, 0% used [0x0000000773280000,0x0000000773280000,0x0000000774700000)
 ParOldGen       total 99840K, used 21822K [0x00000006c3200000, 0x00000006c9380000, 0x000000076bb80000)
  object space 99840K, 21% used [0x00000006c3200000,0x00000006c474fa38,0x00000006c9380000)
 Metaspace       used 28310K, capacity 29098K, committed 29312K, reserved 1075200K
  class space    used 3228K, capacity 3413K, committed 3456K, reserved 1048576K
Event: 13.235 GC heap after
Heap after GC invocations=10 (full 1):
 PSYoungGen      total 142848K, used 13983K [0x000000076bb80000, 0x0000000779880000, 0x00000007c0000000)
  eden space 121856K, 0% used [0x000000076bb80000,0x000000076bb80000,0x0000000773280000)
  from space 20992K, 66% used [0x0000000773280000,0x0000000774027fa8,0x0000000774700000)
  to   space 20992K, 0% used [0x0000000778400000,0x0000000778400000,0x0000000779880000)
 ParOldGen       total 99840K, used 21830K [0x00000006c3200000, 0x00000006c9380000, 0x000000076bb80000)
  object space 99840K, 21% used [0x00000006c3200000,0x00000006c4751a38,0x00000006c9380000)
 Metaspace       used 28310K, capacity 29098K, committed 29312K, reserved 1075200K
  class space    used 3228K, capacity 3413K, committed 3456K, reserved 1048576K
}
Event: 62.159 GC heap before
{Heap before GC invocations=11 (full 1):
 PSYoungGen      total 142848K, used 135839K [0x000000076bb80000, 0x0000000779880000, 0x00000007c0000000)
  eden space 121856K, 100% used [0x000000076bb80000,0x0000000773280000,0x0000000773280000)
  from space 20992K, 66% used [0x0000000773280000,0x0000000774027fa8,0x0000000774700000)
  to   space 20992K, 0% used [0x0000000778400000,0x0000000778400000,0x0000000779880000)
 ParOldGen       total 99840K, used 21830K [0x00000006c3200000, 0x00000006c9380000, 0x000000076bb80000)
  object space 99840K, 21% used [0x00000006c3200000,0x00000006c4751a38,0x00000006c9380000)
 Metaspace       used 31044K, capacity 32090K, committed 32256K, reserved 1077248K
  class space    used 3542K, capacity 3795K, committed 3840K, reserved 1048576K
Event: 62.166 GC heap after
Heap after GC invocations=11 (full 1):
 PSYoungGen      total 198144K, used 9418K [0x000000076bb80000, 0x0000000779480000, 0x00000007c0000000)
  eden space 181248K, 0% used [0x000000076bb80000,0x000000076bb80000,0x0000000776c80000)
  from space 16896K, 55% used [0x0000000778400000,0x0000000778d32b88,0x0000000779480000)
  to   space 20480K, 0% used [0x0000000776c80000,0x0000000776c80000,0x0000000778080000)
 ParOldGen       total 99840K, used 28059K [0x00000006c3200000, 0x00000006c9380000, 0x000000076bb80000)
  object space 99840K, 28% used [0x00000006c3200000,0x00000006c4d66ce0,0x00000006c9380000)
 Metaspace       used 31044K, capacity 32090K, committed 32256K, reserved 1077248K
  class space    used 3542K, capacity 3795K, committed 3840K, reserved 1048576K
}
Event: 62.873 GC heap before
{Heap before GC invocations=12 (full 1):
 PSYoungGen      total 198144K, used 109297K [0x000000076bb80000, 0x0000000779480000, 0x00000007c0000000)
  eden space 181248K, 55% used [0x000000076bb80000,0x0000000771d09b40,0x0000000776c80000)
  from space 16896K, 55% used [0x0000000778400000,0x0000000778d32b88,0x0000000779480000)
  to   space 20480K, 0% used [0x0000000776c80000,0x0000000776c80000,0x0000000778080000)
 ParOldGen       total 99840K, used 28059K [0x00000006c3200000, 0x00000006c9380000, 0x000000076bb80000)
  object space 99840K, 28% used [0x00000006c3200000,0x00000006c4d66ce0,0x00000006c9380000)
 Metaspace       used 34182K, capacity 35274K, committed 35416K, reserved 1081344K
  class space    used 3997K, capacity 4255K, committed 4352K, reserved 1048576K
Event: 62.881 GC heap after
Heap after GC invocations=12 (full 1):
 PSYoungGen      total 201728K, used 8948K [0x000000076bb80000, 0x0000000779480000, 0x00000007c0000000)
  eden space 181248K, 0% used [0x000000076bb80000,0x000000076bb80000,0x0000000776c80000)
  from space 20480K, 43% used [0x0000000776c80000,0x000000077753d3b0,0x0000000778080000)
  to   space 16896K, 0% used [0x0000000778400000,0x0000000778400000,0x0000000779480000)
 ParOldGen       total 99840K, used 35904K [0x00000006c3200000, 0x00000006c9380000, 0x000000076bb80000)
  object space 99840K, 35% used [0x00000006c3200000,0x00000006c5510278,0x00000006c9380000)
 Metaspace       used 34182K, capacity 35274K, committed 35416K, reserved 1081344K
  class space    used 3997K, capacity 4255K, committed 4352K, reserved 1048576K
}
Event: 62.881 GC heap before
{Heap before GC invocations=13 (full 2):
 PSYoungGen      total 201728K, used 8948K [0x000000076bb80000, 0x0000000779480000, 0x00000007c0000000)
  eden space 181248K, 0% used [0x000000076bb80000,0x000000076bb80000,0x0000000776c80000)
  from space 20480K, 43% used [0x0000000776c80000,0x000000077753d3b0,0x0000000778080000)
  to   space 16896K, 0% used [0x0000000778400000,0x0000000778400000,0x0000000779480000)
 ParOldGen       total 99840K, used 35904K [0x00000006c3200000, 0x00000006c9380000, 0x000000076bb80000)
  object space 99840K, 35% used [0x00000006c3200000,0x00000006c5510278,0x00000006c9380000)
 Metaspace       used 34182K, capacity 35274K, committed 35416K, reserved 1081344K
  class space    used 3997K, capacity 4255K, committed 4352K, reserved 1048576K
Event: 63.059 GC heap after
Heap after GC invocations=13 (full 2):
 PSYoungGen      total 201728K, used 0K [0x000000076bb80000, 0x0000000779480000, 0x00000007c0000000)
  eden space 181248K, 0% used [0x000000076bb80000,0x000000076bb80000,0x0000000776c80000)
  from space 20480K, 0% used [0x0000000776c80000,0x0000000776c80000,0x0000000778080000)
  to   space 16896K, 0% used [0x0000000778400000,0x0000000778400000,0x0000000779480000)
 ParOldGen       total 136704K, used 43707K [0x00000006c3200000, 0x00000006cb780000, 0x000000076bb80000)
  object space 136704K, 31% used [0x00000006c3200000,0x00000006c5caefa0,0x00000006cb780000)
 Metaspace       used 34180K, capacity 35268K, committed 35416K, reserved 1081344K
  class space    used 3996K, capacity 4254K, committed 4352K, reserved 1048576K
}

