# JRE version: Java(TM) SE Runtime Environment (8.0_231-b11) (build 1.8.0_231-b11)
# Java VM: Java HotSpot(TM) 64-Bit Server VM (25.231-b11 mixed mode windows-amd64 compressed oops)
Heap:
 PSYoungGen      total 142336K, used 131107K [0x000000076bb80000, 0x0000000775c80000, 0x00000007c0000000)
  eden space 122880K, 100% used [0x000000076bb80000,0x0000000773380000,0x0000000773380000)
  from space 19456K, 42% used [0x0000000774980000,0x0000000775188e40,0x0000000775c80000)
  to   space 20992K, 0% used [0x0000000773380000,0x0000000773380000,0x0000000774800000)
 ParOldGen       total 99328K, used 21880K [0x00000006c3200000, 0x00000006c9300000, 0x000000076bb80000)
  object space 99328K, 22% used [0x00000006c3200000,0x00000006c475e058,0x00000006c9300000)
 Metaspace       used 28330K, capacity 29252K, committed 29440K, reserved 1075200K
  class space    used 3276K, capacity 3500K, committed 3584K, reserved 1048576K
GC Heap History (10 events):
Event: 5.492 GC heap before
{Heap before GC invocations=5 (full 0):
 PSYoungGen      total 75776K, used 75765K [0x000000076bb80000, 0x0000000771000000, 0x00000007c0000000)
  eden space 65024K, 100% used [0x000000076bb80000,0x000000076fb00000,0x000000076fb00000)
  from space 10752K, 99% used [0x0000000770580000,0x0000000770ffd7f0,0x0000000771000000)
  to   space 10752K, 0% used [0x000000076fb00000,0x000000076fb00000,0x0000000770580000)
 ParOldGen       total 173568K, used 11003K [0x00000006c3200000, 0x00000006cdb80000, 0x000000076bb80000)
  object space 173568K, 6% used [0x00000006c3200000,0x00000006c3cbefe0,0x00000006cdb80000)
 Metaspace       used 20810K, capacity 21070K, committed 21248K, reserved 1069056K
  class space    used 2165K, capacity 2259K, committed 2304K, reserved 1048576K
Event: 5.498 GC heap after
Heap after GC invocations=5 (full 0):
 PSYoungGen      total 74240K, used 10725K [0x000000076bb80000, 0x0000000772380000, 0x00000007c0000000)
  eden space 63488K, 0% used [0x000000076bb80000,0x000000076bb80000,0x000000076f980000)
  from space 10752K, 99% used [0x000000076fb00000,0x00000007705795e0,0x0000000770580000)
  to   space 21504K, 0% used [0x0000000770e80000,0x0000000770e80000,0x0000000772380000)
 ParOldGen       total 173568K, used 15790K [0x00000006c3200000, 0x00000006cdb80000, 0x000000076bb80000)
  object space 173568K, 9% used [0x00000006c3200000,0x00000006c416bb00,0x00000006cdb80000)
 Metaspace       used 20810K, capacity 21070K, committed 21248K, reserved 1069056K
  class space    used 2165K, capacity 2259K, committed 2304K, reserved 1048576K
}
Event: 5.508 GC heap before
{Heap before GC invocations=6 (full 0):
 PSYoungGen      total 74240K, used 14473K [0x000000076bb80000, 0x0000000772380000, 0x00000007c0000000)
  eden space 63488K, 5% used [0x000000076bb80000,0x000000076bf28eb0,0x000000076f980000)
  from space 10752K, 99% used [0x000000076fb00000,0x00000007705795e0,0x0000000770580000)
  to   space 21504K, 0% used [0x0000000770e80000,0x0000000770e80000,0x0000000772380000)
 ParOldGen       total 173568K, used 15790K [0x00000006c3200000, 0x00000006cdb80000, 0x000000076bb80000)
  object space 173568K, 9% used [0x00000006c3200000,0x00000006c416bb00,0x00000006cdb80000)
 Metaspace       used 20813K, capacity 21070K, committed 21248K, reserved 1069056K
  class space    used 2166K, capacity 2259K, committed 2304K, reserved 1048576K
Event: 5.513 GC heap after
Heap after GC invocations=6 (full 0):
 PSYoungGen      total 86016K, used 12973K [0x000000076bb80000, 0x0000000775f80000, 0x00000007c0000000)
  eden space 64512K, 0% used [0x000000076bb80000,0x000000076bb80000,0x000000076fa80000)
  from space 21504K, 60% used [0x0000000770e80000,0x0000000771b2b720,0x0000000772380000)
  to   space 20480K, 0% used [0x000000076fa80000,0x000000076fa80000,0x0000000770e80000)
 ParOldGen       total 173568K, used 15798K [0x00000006c3200000, 0x00000006cdb80000, 0x000000076bb80000)
  object space 173568K, 9% used [0x00000006c3200000,0x00000006c416db00,0x00000006cdb80000)
 Metaspace       used 20813K, capacity 21070K, committed 21248K, reserved 1069056K
  class space    used 2166K, capacity 2259K, committed 2304K, reserved 1048576K
}
Event: 5.513 GC heap before
{Heap before GC invocations=7 (full 1):
 PSYoungGen      total 86016K, used 12973K [0x000000076bb80000, 0x0000000775f80000, 0x00000007c0000000)
  eden space 64512K, 0% used [0x000000076bb80000,0x000000076bb80000,0x000000076fa80000)
  from space 21504K, 60% used [0x0000000770e80000,0x0000000771b2b720,0x0000000772380000)
  to   space 20480K, 0% used [0x000000076fa80000,0x000000076fa80000,0x0000000770e80000)
 ParOldGen       total 173568K, used 15798K [0x00000006c3200000, 0x00000006cdb80000, 0x000000076bb80000)
  object space 173568K, 9% used [0x00000006c3200000,0x00000006c416db00,0x00000006cdb80000)
 Metaspace       used 20813K, capacity 21070K, committed 21248K, reserved 1069056K
  class space    used 2166K, capacity 2259K, committed 2304K, reserved 1048576K
Event: 5.543 GC heap after
Heap after GC invocations=7 (full 1):
 PSYoungGen      total 86016K, used 0K [0x000000076bb80000, 0x0000000775f80000, 0x00000007c0000000)
  eden space 64512K, 0% used [0x000000076bb80000,0x000000076bb80000,0x000000076fa80000)
  from space 21504K, 0% used [0x0000000770e80000,0x0000000770e80000,0x0000000772380000)
  to   space 20480K, 0% used [0x000000076fa80000,0x000000076fa80000,0x0000000770e80000)
 ParOldGen       total 99328K, used 21872K [0x00000006c3200000, 0x00000006c9300000, 0x000000076bb80000)
  object space 99328K, 22% used [0x00000006c3200000,0x00000006c475c058,0x00000006c9300000)
 Metaspace       used 20813K, capacity 21070K, committed 21248K, reserved 1069056K
  class space    used 2166K, capacity 2259K, committed 2304K, reserved 1048576K
}
Event: 6.238 GC heap before
{Heap before GC invocations=8 (full 1):
 PSYoungGen      total 86016K, used 64512K [0x000000076bb80000, 0x0000000775f80000, 0x00000007c0000000)
  eden space 64512K, 100% used [0x000000076bb80000,0x000000076fa80000,0x000000076fa80000)
  from space 21504K, 0% used [0x0000000770e80000,0x0000000770e80000,0x0000000772380000)
  to   space 20480K, 0% used [0x000000076fa80000,0x000000076fa80000,0x0000000770e80000)
 ParOldGen       total 99328K, used 21872K [0x00000006c3200000, 0x00000006c9300000, 0x000000076bb80000)
  object space 99328K, 22% used [0x00000006c3200000,0x00000006c475c058,0x00000006c9300000)
 Metaspace       used 22529K, capacity 22826K, committed 23040K, reserved 1069056K
  class space    used 2409K, capacity 2503K, committed 2560K, reserved 1048576K
Event: 6.240 GC heap after
Heap after GC invocations=8 (full 1):
 PSYoungGen      total 84992K, used 4845K [0x000000076bb80000, 0x0000000775e00000, 0x00000007c0000000)
  eden space 64512K, 0% used [0x000000076bb80000,0x000000076bb80000,0x000000076fa80000)
  from space 20480K, 23% used [0x000000076fa80000,0x000000076ff3b6f8,0x0000000770e80000)
  to   space 20992K, 0% used [0x0000000774980000,0x0000000774980000,0x0000000775e00000)
 ParOldGen       total 99328K, used 21880K [0x00000006c3200000, 0x00000006c9300000, 0x000000076bb80000)
  object space 99328K, 22% used [0x00000006c3200000,0x00000006c475e058,0x00000006c9300000)
 Metaspace       used 22529K, capacity 22826K, committed 23040K, reserved 1069056K
  class space    used 2409K, capacity 2503K, committed 2560K, reserved 1048576K
}
Event: 6.929 GC heap before
{Heap before GC invocations=9 (full 1):
 PSYoungGen      total 84992K, used 69357K [0x000000076bb80000, 0x0000000775e00000, 0x00000007c0000000)
  eden space 64512K, 100% used [0x000000076bb80000,0x000000076fa80000,0x000000076fa80000)
  from space 20480K, 23% used [0x000000076fa80000,0x000000076ff3b6f8,0x0000000770e80000)
  to   space 20992K, 0% used [0x0000000774980000,0x0000000774980000,0x0000000775e00000)
 ParOldGen       total 99328K, used 21880K [0x00000006c3200000, 0x00000006c9300000, 0x000000076bb80000)
  object space 99328K, 22% used [0x00000006c3200000,0x00000006c475e058,0x00000006c9300000)
 Metaspace       used 24210K, capacity 24530K, committed 24832K, reserved 1071104K
  class space    used 2655K, capacity 2753K, committed 2816K, reserved 1048576K
Event: 6.933 GC heap after
Heap after GC invocations=9 (full 1):
 PSYoungGen      total 142336K, used 8227K [0x000000076bb80000, 0x0000000775c80000, 0x00000007c0000000)
  eden space 122880K, 0% used [0x000000076bb80000,0x000000076bb80000,0x0000000773380000)
  from space 19456K, 42% used [0x0000000774980000,0x0000000775188e40,0x0000000775c80000)
  to   space 20992K, 0% used [0x0000000773380000,0x0000000773380000,0x0000000774800000)
 ParOldGen       total 99328K, used 21880K [0x00000006c3200000, 0x00000006c9300000, 0x000000076bb80000)
  object space 99328K, 22% used [0x00000006c3200000,0x00000006c475e058,0x00000006c9300000)
 Metaspace       used 24210K, capacity 24530K, committed 24832K, reserved 1071104K
  class space    used 2655K, capacity 2753K, committed 2816K, reserved 1048576K
}

