# JRE version: Java(TM) SE Runtime Environment (8.0_231-b11) (build 1.8.0_231-b11)
# Java VM: Java HotSpot(TM) 64-Bit Server VM (25.231-b11 mixed mode windows-amd64 compressed oops)
Heap:
 PSYoungGen      total 202240K, used 26718K [0x000000076bb80000, 0x000000077e680000, 0x00000007c0000000)
  eden space 181760K, 7% used [0x000000076bb80000,0x000000076c87a460,0x0000000776d00000)
  from space 20480K, 65% used [0x0000000776d00000,0x0000000777a1d6c0,0x0000000778100000)
  to   space 20480K, 0% used [0x000000077d280000,0x000000077d280000,0x000000077e680000)
 ParOldGen       total 100352K, used 36383K [0x00000006c3200000, 0x00000006c9400000, 0x000000076bb80000)
  object space 100352K, 36% used [0x00000006c3200000,0x00000006c5587dc8,0x00000006c9400000)
 Metaspace       used 31901K, capacity 32932K, committed 33152K, reserved 1079296K
  class space    used 3633K, capacity 3874K, committed 3968K, reserved 1048576K
GC Heap History (10 events):
Event: 6.008 GC heap before
{Heap before GC invocations=8 (full 1):
 PSYoungGen      total 86528K, used 64512K [0x000000076bb80000, 0x0000000776080000, 0x00000007c0000000)
  eden space 64512K, 100% used [0x000000076bb80000,0x000000076fa80000,0x000000076fa80000)
  from space 22016K, 0% used [0x0000000770f00000,0x0000000770f00000,0x0000000772480000)
  to   space 20992K, 0% used [0x000000076fa80000,0x000000076fa80000,0x0000000770f00000)
 ParOldGen       total 100352K, used 21786K [0x00000006c3200000, 0x00000006c9400000, 0x000000076bb80000)
  object space 100352K, 21% used [0x00000006c3200000,0x00000006c4746ab8,0x00000006c9400000)
 Metaspace       used 22619K, capacity 22920K, committed 23296K, reserved 1071104K
  class space    used 2425K, capacity 2512K, committed 2560K, reserved 1048576K
Event: 6.010 GC heap after
Heap after GC invocations=8 (full 1):
 PSYoungGen      total 85504K, used 4604K [0x000000076bb80000, 0x0000000775e00000, 0x00000007c0000000)
  eden space 64512K, 0% used [0x000000076bb80000,0x000000076bb80000,0x000000076fa80000)
  from space 20992K, 21% used [0x000000076fa80000,0x000000076feff1d8,0x0000000770f00000)
  to   space 21504K, 0% used [0x0000000774900000,0x0000000774900000,0x0000000775e00000)
 ParOldGen       total 100352K, used 21794K [0x00000006c3200000, 0x00000006c9400000, 0x000000076bb80000)
  object space 100352K, 21% used [0x00000006c3200000,0x00000006c4748ab8,0x00000006c9400000)
 Metaspace       used 22619K, capacity 22920K, committed 23296K, reserved 1071104K
  class space    used 2425K, capacity 2512K, committed 2560K, reserved 1048576K
}
Event: 6.665 GC heap before
{Heap before GC invocations=9 (full 1):
 PSYoungGen      total 85504K, used 69116K [0x000000076bb80000, 0x0000000775e00000, 0x00000007c0000000)
  eden space 64512K, 100% used [0x000000076bb80000,0x000000076fa80000,0x000000076fa80000)
  from space 20992K, 21% used [0x000000076fa80000,0x000000076feff1d8,0x0000000770f00000)
  to   space 21504K, 0% used [0x0000000774900000,0x0000000774900000,0x0000000775e00000)
 ParOldGen       total 100352K, used 21794K [0x00000006c3200000, 0x00000006c9400000, 0x000000076bb80000)
  object space 100352K, 21% used [0x00000006c3200000,0x00000006c4748ab8,0x00000006c9400000)
 Metaspace       used 24251K, capacity 24590K, committed 24832K, reserved 1071104K
  class space    used 2667K, capacity 2793K, committed 2816K, reserved 1048576K
Event: 6.669 GC heap after
Heap after GC invocations=9 (full 1):
 PSYoungGen      total 140800K, used 8347K [0x000000076bb80000, 0x0000000775b80000, 0x00000007c0000000)
  eden space 121856K, 0% used [0x000000076bb80000,0x000000076bb80000,0x0000000773280000)
  from space 18944K, 44% used [0x0000000774900000,0x0000000775126dc0,0x0000000775b80000)
  to   space 20992K, 0% used [0x0000000773280000,0x0000000773280000,0x0000000774700000)
 ParOldGen       total 100352K, used 21802K [0x00000006c3200000, 0x00000006c9400000, 0x000000076bb80000)
  object space 100352K, 21% used [0x00000006c3200000,0x00000006c474aab8,0x00000006c9400000)
 Metaspace       used 24251K, capacity 24590K, committed 24832K, reserved 1071104K
  class space    used 2667K, capacity 2793K, committed 2816K, reserved 1048576K
}
Event: 11.571 GC heap before
{Heap before GC invocations=10 (full 1):
 PSYoungGen      total 140800K, used 130203K [0x000000076bb80000, 0x0000000775b80000, 0x00000007c0000000)
  eden space 121856K, 100% used [0x000000076bb80000,0x0000000773280000,0x0000000773280000)
  from space 18944K, 44% used [0x0000000774900000,0x0000000775126dc0,0x0000000775b80000)
  to   space 20992K, 0% used [0x0000000773280000,0x0000000773280000,0x0000000774700000)
 ParOldGen       total 100352K, used 21802K [0x00000006c3200000, 0x00000006c9400000, 0x000000076bb80000)
  object space 100352K, 21% used [0x00000006c3200000,0x00000006c474aab8,0x00000006c9400000)
 Metaspace       used 28089K, capacity 28902K, committed 29056K, reserved 1075200K
  class space    used 3239K, capacity 3451K, committed 3456K, reserved 1048576K
Event: 11.578 GC heap after
Heap after GC invocations=10 (full 1):
 PSYoungGen      total 142848K, used 14462K [0x000000076bb80000, 0x0000000779980000, 0x00000007c0000000)
  eden space 121856K, 0% used [0x000000076bb80000,0x000000076bb80000,0x0000000773280000)
  from space 20992K, 68% used [0x0000000773280000,0x000000077409fa08,0x0000000774700000)
  to   space 21504K, 0% used [0x0000000778480000,0x0000000778480000,0x0000000779980000)
 ParOldGen       total 100352K, used 21810K [0x00000006c3200000, 0x00000006c9400000, 0x000000076bb80000)
  object space 100352K, 21% used [0x00000006c3200000,0x00000006c474cab8,0x00000006c9400000)
 Metaspace       used 28089K, capacity 28902K, committed 29056K, reserved 1075200K
  class space    used 3239K, capacity 3451K, committed 3456K, reserved 1048576K
}
Event: 39.751 GC heap before
{Heap before GC invocations=11 (full 1):
 PSYoungGen      total 142848K, used 134123K [0x000000076bb80000, 0x0000000779980000, 0x00000007c0000000)
  eden space 121856K, 98% used [0x000000076bb80000,0x000000077305b578,0x0000000773280000)
  from space 20992K, 68% used [0x0000000773280000,0x000000077409fa08,0x0000000774700000)
  to   space 21504K, 0% used [0x0000000778480000,0x0000000778480000,0x0000000779980000)
 ParOldGen       total 100352K, used 21810K [0x00000006c3200000, 0x00000006c9400000, 0x000000076bb80000)
  object space 100352K, 21% used [0x00000006c3200000,0x00000006c474cab8,0x00000006c9400000)
 Metaspace       used 31441K, capacity 32422K, committed 32640K, reserved 1077248K
  class space    used 3604K, capacity 3847K, committed 3968K, reserved 1048576K
Event: 39.757 GC heap after
Heap after GC invocations=11 (full 1):
 PSYoungGen      total 198656K, used 9940K [0x000000076bb80000, 0x0000000779500000, 0x00000007c0000000)
  eden space 181760K, 0% used [0x000000076bb80000,0x000000076bb80000,0x0000000776d00000)
  from space 16896K, 58% used [0x0000000778480000,0x0000000778e35280,0x0000000779500000)
  to   space 20480K, 0% used [0x0000000776d00000,0x0000000776d00000,0x0000000778100000)
 ParOldGen       total 100352K, used 28050K [0x00000006c3200000, 0x00000006c9400000, 0x000000076bb80000)
  object space 100352K, 27% used [0x00000006c3200000,0x00000006c4d649e0,0x00000006c9400000)
 Metaspace       used 31441K, capacity 32422K, committed 32640K, reserved 1077248K
  class space    used 3604K, capacity 3847K, committed 3968K, reserved 1048576K
}
Event: 130.726 GC heap before
{Heap before GC invocations=12 (full 1):
 PSYoungGen      total 198656K, used 191700K [0x000000076bb80000, 0x0000000779500000, 0x00000007c0000000)
  eden space 181760K, 100% used [0x000000076bb80000,0x0000000776d00000,0x0000000776d00000)
  from space 16896K, 58% used [0x0000000778480000,0x0000000778e35280,0x0000000779500000)
  to   space 20480K, 0% used [0x0000000776d00000,0x0000000776d00000,0x0000000778100000)
 ParOldGen       total 100352K, used 28050K [0x00000006c3200000, 0x00000006c9400000, 0x000000076bb80000)
  object space 100352K, 27% used [0x00000006c3200000,0x00000006c4d649e0,0x00000006c9400000)
 Metaspace       used 31742K, capacity 32774K, committed 33152K, reserved 1079296K
  class space    used 3605K, capacity 3849K, committed 3968K, reserved 1048576K
Event: 130.732 GC heap after
Heap after GC invocations=12 (full 1):
 PSYoungGen      total 202240K, used 13429K [0x000000076bb80000, 0x000000077e680000, 0x00000007c0000000)
  eden space 181760K, 0% used [0x000000076bb80000,0x000000076bb80000,0x0000000776d00000)
  from space 20480K, 65% used [0x0000000776d00000,0x0000000777a1d6c0,0x0000000778100000)
  to   space 20480K, 0% used [0x000000077d280000,0x000000077d280000,0x000000077e680000)
 ParOldGen       total 100352K, used 36383K [0x00000006c3200000, 0x00000006c9400000, 0x000000076bb80000)
  object space 100352K, 36% used [0x00000006c3200000,0x00000006c5587dc8,0x00000006c9400000)
 Metaspace       used 31742K, capacity 32774K, committed 33152K, reserved 1079296K
  class space    used 3605K, capacity 3849K, committed 3968K, reserved 1048576K
}

